{
  "RSpec": {
    "coverage": {
      "/Users/wolfgang/Desktop/wolfstudy/bloc/StayFreshers/spec/controllers/test_sets_controller_spec.rb": [
        1,
        1,
        null,
        1,
        1,
        1,
        13,
        13,
        13,
        null,
        null,
        null,
        null,
        null,
        null,
        null,
        null,
        null,
        null,
        null,
        null,
        null,
        1,
        1,
        1,
        1,
        null,
        null,
        1,
        1,
        1,
        null,
        null,
        1,
        1,
        1,
        null,
        null,
        null,
        1,
        1,
        2,
        null,
        null,
        1,
        1,
        1,
        null,
        null,
        null,
        1,
        1,
        1,
        1,
        null,
        1,
        null,
        null,
        1,
        1,
        1,
        1,
        1,
        1,
        null,
        null,
        null,
        1,
        1,
        1,
        1,
        null,
        1,
        null,
        1,
        1,
        1,
        1,
        null,
        null,
        null,
        1,
        1,
        1,
        1,
        null,
        null,
        1,
        1,
        1,
        null,
        null,
        1,
        1,
        1,
        null,
        null,
        null,
        1,
        1,
        1,
        1,
        1,
        null,
        null,
        1,
        1,
        1,
        null,
        null,
        null,
        null
      ],
      "/Users/wolfgang/Desktop/wolfstudy/bloc/StayFreshers/spec/rails_helper.rb": [
        null,
        1,
        1,
        null,
        null,
        1,
        null,
        1,
        1,
        1,
        1,
        null,
        null,
        null,
        null,
        null,
        null,
        null,
        null,
        null,
        null,
        null,
        null,
        null,
        null,
        null,
        null,
        null,
        null,
        null,
        null,
        1,
        null,
        1,
        null,
        1,
        null,
        null,
        null,
        null,
        1,
        null,
        null,
        null,
        null,
        null,
        null,
        null,
        null,
        null,
        null,
        null,
        null,
        null,
        null,
        1,
        null,
        null,
        1,
        1,
        1,
        null,
        null,
        1,
        1,
        1,
        null,
        null,
        1,
        19,
        null,
        null,
        1,
        19,
        null,
        null
      ],
      "/Users/wolfgang/Desktop/wolfstudy/bloc/StayFreshers/config/environment.rb": [
        null,
        1,
        null,
        null,
        1
      ],
      "/Users/wolfgang/Desktop/wolfstudy/bloc/StayFreshers/config/application.rb": [
        1,
        null,
        1,
        null,
        null,
        null,
        1,
        null,
        1,
        1,
        null,
        1,
        null,
        null,
        null,
        null,
        null,
        null
      ],
      "/Users/wolfgang/Desktop/wolfstudy/bloc/StayFreshers/config/boot.rb": [
        1,
        null,
        1
      ],
      "/Users/wolfgang/Desktop/wolfstudy/bloc/StayFreshers/config/environments/test.rb": [
        1,
        null,
        null,
        null,
        null,
        null,
        null,
        1,
        null,
        null,
        null,
        null,
        1,
        null,
        null,
        1,
        1,
        null,
        null,
        null,
        null,
        1,
        1,
        null,
        null,
        1,
        null,
        null,
        1,
        1,
        null,
        null,
        null,
        null,
        1,
        null,
        null,
        1,
        null,
        null,
        null,
        1,
        null
      ],
      "/Users/wolfgang/Desktop/wolfstudy/bloc/StayFreshers/config/initializers/application_controller_renderer.rb": [
        null,
        null,
        null,
        null,
        null,
        null,
        null,
        null
      ],
      "/Users/wolfgang/Desktop/wolfstudy/bloc/StayFreshers/config/initializers/assets.rb": [
        null,
        null,
        null,
        1,
        null,
        null,
        null,
        null,
        1,
        null,
        null,
        null,
        null,
        null
      ],
      "/Users/wolfgang/Desktop/wolfstudy/bloc/StayFreshers/config/initializers/backtrace_silencers.rb": [
        null,
        null,
        null,
        null,
        null,
        null,
        null
      ],
      "/Users/wolfgang/Desktop/wolfstudy/bloc/StayFreshers/config/initializers/cookies_serializer.rb": [
        null,
        null,
        null,
        null,
        1
      ],
      "/Users/wolfgang/Desktop/wolfstudy/bloc/StayFreshers/config/initializers/devise.rb": [
        null,
        null,
        1,
        null,
        null,
        null,
        null,
        null,
        null,
        null,
        null,
        null,
        null,
        null,
        1,
        null,
        null,
        null,
        null,
        null,
        null,
        null,
        null,
        null,
        null,
        null,
        1,
        null,
        null,
        null,
        null,
        null,
        null,
        null,
        null,
        null,
        null,
        null,
        null,
        null,
        null,
        null,
        null,
        null,
        null,
        null,
        null,
        null,
        1,
        null,
        null,
        null,
        null,
        1,
        null,
        null,
        null,
        null,
        null,
        null,
        null,
        null,
        null,
        null,
        null,
        null,
        null,
        null,
        null,
        null,
        null,
        null,
        null,
        null,
        null,
        null,
        null,
        null,
        null,
        null,
        null,
        null,
        null,
        null,
        1,
        null,
        null,
        null,
        null,
        null,
        null,
        null,
        null,
        null,
        null,
        null,
        null,
        null,
        null,
        null,
        null,
        null,
        null,
        null,
        null,
        null,
        null,
        1,
        null,
        null,
        null,
        null,
        null,
        null,
        null,
        null,
        null,
        null,
        null,
        null,
        null,
        null,
        null,
        null,
        null,
        null,
        null,
        null,
        null,
        null,
        null,
        null,
        null,
        null,
        null,
        null,
        null,
        null,
        1,
        null,
        null,
        null,
        null,
        null,
        null,
        null,
        null,
        null,
        1,
        null,
        null,
        null,
        null,
        null,
        null,
        null,
        null,
        null,
        null,
        1,
        null,
        null,
        null,
        null,
        1,
        null,
        null,
        null,
        null,
        null,
        null,
        null,
        null,
        null,
        null,
        null,
        null,
        null,
        null,
        null,
        null,
        null,
        null,
        null,
        null,
        null,
        null,
        null,
        null,
        null,
        null,
        null,
        null,
        null,
        null,
        null,
        null,
        null,
        null,
        null,
        null,
        null,
        null,
        null,
        null,
        1,
        null,
        null,
        null,
        null,
        null,
        null,
        null,
        null,
        null,
        null,
        null,
        null,
        null,
        null,
        null,
        null,
        null,
        null,
        null,
        null,
        null,
        null,
        null,
        null,
        null,
        null,
        null,
        null,
        null,
        null,
        null,
        null,
        null,
        null,
        null,
        null,
        null,
        null,
        null,
        null,
        null,
        1,
        null,
        null,
        null,
        null,
        null,
        null,
        null,
        null,
        null,
        null,
        null,
        null,
        null,
        null,
        null,
        null,
        null,
        null,
        null,
        null,
        null,
        null,
        null,
        null,
        null,
        null,
        null,
        null,
        null
      ],
      "/Users/wolfgang/Desktop/wolfstudy/bloc/StayFreshers/config/initializers/filter_parameter_logging.rb": [
        null,
        null,
        null,
        1
      ],
      "/Users/wolfgang/Desktop/wolfstudy/bloc/StayFreshers/config/initializers/inflections.rb": [
        null,
        null,
        null,
        null,
        null,
        null,
        null,
        null,
        null,
        null,
        null,
        null,
        null,
        null,
        null,
        null
      ],
      "/Users/wolfgang/Desktop/wolfstudy/bloc/StayFreshers/config/initializers/mime_types.rb": [
        null,
        null,
        null,
        null
      ],
      "/Users/wolfgang/Desktop/wolfstudy/bloc/StayFreshers/config/initializers/setup_mail.rb": [
        1,
        0,
        0,
        null,
        null,
        null,
        null,
        null,
        null,
        null,
        null,
        null
      ],
      "/Users/wolfgang/Desktop/wolfstudy/bloc/StayFreshers/config/initializers/wrap_parameters.rb": [
        null,
        null,
        null,
        null,
        null,
        null,
        1,
        2,
        null,
        null,
        null,
        null,
        null,
        null
      ],
      "/Users/wolfgang/Desktop/wolfstudy/bloc/StayFreshers/spec/factories/flashcards.rb": [
        1,
        1,
        null,
        1,
        1,
        null,
        null
      ],
      "/Users/wolfgang/Desktop/wolfstudy/bloc/StayFreshers/spec/factories/multiple_choices.rb": [
        1,
        1,
        1,
        1,
        1,
        1,
        1,
        1,
        null,
        null,
        null
      ],
      "/Users/wolfgang/Desktop/wolfstudy/bloc/StayFreshers/spec/factories/test_sets.rb": [
        1,
        1,
        1,
        1,
        1,
        null,
        null
      ],
      "/Users/wolfgang/Desktop/wolfstudy/bloc/StayFreshers/spec/factories/true_falses.rb": [
        1,
        1,
        1,
        1,
        null,
        null,
        null
      ],
      "/Users/wolfgang/Desktop/wolfstudy/bloc/StayFreshers/spec/factories/users.rb": [
        1,
        1,
        1,
        19,
        1,
        1,
        1,
        null,
        null
      ],
      "/Users/wolfgang/Desktop/wolfstudy/bloc/StayFreshers/config/routes.rb": [
        1,
        1,
        null,
        1,
        null,
        1,
        1,
        null,
        1,
        null
      ],
      "/Users/wolfgang/Desktop/wolfstudy/bloc/StayFreshers/app/models/user.rb": [
        1,
        null,
        null,
        1,
        null,
        1,
        null
      ],
      "/Users/wolfgang/Desktop/wolfstudy/bloc/StayFreshers/app/models/application_record.rb": [
        1,
        1,
        null
      ],
      "/Users/wolfgang/Desktop/wolfstudy/bloc/StayFreshers/app/helpers/application_helper.rb": [
        1,
        null
      ],
      "/Users/wolfgang/Desktop/wolfstudy/bloc/StayFreshers/app/helpers/welcome_helper.rb": [
        1,
        null
      ],
      "/Users/wolfgang/Desktop/wolfstudy/bloc/StayFreshers/app/controllers/test_sets_controller.rb": [
        1,
        null,
        null,
        null,
        null,
        null,
        1,
        3,
        null,
        null,
        1,
        2,
        2,
        2,
        2,
        null,
        0,
        0,
        null,
        null,
        null,
        1,
        3,
        null,
        null,
        1,
        2,
        null,
        null,
        1,
        1,
        1,
        1,
        1,
        1,
        null,
        0,
        null,
        null,
        null,
        1,
        2,
        2,
        2,
        2,
        null,
        0,
        0,
        null,
        null,
        null,
        1,
        null,
        1,
        3,
        null,
        null
      ],
      "/Users/wolfgang/Desktop/wolfstudy/bloc/StayFreshers/app/controllers/application_controller.rb": [
        1,
        1,
        null,
        null
      ],
      "/Users/wolfgang/Desktop/wolfstudy/bloc/StayFreshers/spec/controllers/user/user_controller_spec.rb": [
        1,
        null,
        1,
        1,
        1,
        1,
        null,
        null,
        1,
        1,
        1,
        1,
        null,
        null,
        null
      ],
      "/Users/wolfgang/Desktop/wolfstudy/bloc/StayFreshers/app/controllers/user_controller.rb": [
        1,
        1,
        1,
        1,
        null,
        null,
        1,
        0,
        null,
        null
      ],
      "/Users/wolfgang/Desktop/wolfstudy/bloc/StayFreshers/spec/controllers/welcome_controller_spec.rb": [
        1,
        null,
        1,
        null,
        1,
        1,
        1,
        1,
        null,
        null,
        null,
        null
      ],
      "/Users/wolfgang/Desktop/wolfstudy/bloc/StayFreshers/app/controllers/welcome_controller.rb": [
        1,
        1,
        null,
        null
      ],
      "/Users/wolfgang/Desktop/wolfstudy/bloc/StayFreshers/spec/models/flashcard_spec.rb": [
        1,
        null,
        1,
        2,
        2,
        2,
        null,
        null,
        1,
        1,
        1,
        null,
        null,
        null
      ],
      "/Users/wolfgang/Desktop/wolfstudy/bloc/StayFreshers/app/models/flashcard.rb": [
        1,
        1,
        null,
        null,
        1,
        1,
        null
      ],
      "/Users/wolfgang/Desktop/wolfstudy/bloc/StayFreshers/spec/models/multiple_choice_spec.rb": [
        1,
        null,
        1,
        2,
        2,
        2,
        null,
        null,
        1,
        1,
        1,
        null,
        null,
        null
      ],
      "/Users/wolfgang/Desktop/wolfstudy/bloc/StayFreshers/app/models/multiple_choice.rb": [
        1,
        1,
        null,
        1,
        1,
        1,
        1,
        1,
        1,
        1,
        1,
        null,
        1,
        1,
        0,
        null,
        null,
        null,
        1,
        1,
        null,
        null,
        null,
        1,
        5,
        null,
        null
      ],
      "/Users/wolfgang/Desktop/wolfstudy/bloc/StayFreshers/spec/models/test_set_spec.rb": [
        1,
        null,
        1,
        2,
        2,
        null,
        1,
        1,
        1,
        null,
        null,
        null
      ],
      "/Users/wolfgang/Desktop/wolfstudy/bloc/StayFreshers/app/models/test_set.rb": [
        1,
        1,
        1,
        1,
        1,
        1,
        null
      ],
      "/Users/wolfgang/Desktop/wolfstudy/bloc/StayFreshers/spec/models/true_false_spec.rb": [
        1,
        null,
        1,
        2,
        2,
        2,
        null,
        null,
        1,
        1,
        1,
        null,
        null,
        null
      ],
      "/Users/wolfgang/Desktop/wolfstudy/bloc/StayFreshers/app/models/true_false.rb": [
        1,
        1,
        null,
        1,
        null,
        null
      ]
    },
    "timestamp": 1510596477
  }
}
